<?xml version="1.0" encoding="UTF-8"?>
<!-- Generated by org.testng.reporters.JUnitXMLReporter -->
<testsuite ignored="0" hostname="DESKTOP-CN7194J" failures="0" tests="4" name="Surefire test" time="14.659" errors="0" timestamp="2024-02-15T18:33:55 IST">
  <testcase classname="api.test.UserTest" name="testpostUser" time="3.879"/>
  <testcase classname="api.test.UserTest" name="testgetUser" time="1.341"/>
  <testcase classname="api.test.UserTest" name="testupdateUser" time="6.404"/>
  <testcase classname="api.test.UserTest" name="testDelUser" time="2.189"/>
</testsuite> <!-- Surefire test -->
