<?xml version="1.0" encoding="UTF-8"?>
<!-- Generated by org.testng.reporters.JUnitXMLReporter -->
<testsuite ignored="0" hostname="DESKTOP-CN7194J" failures="3" tests="8" name="Test" time="14.186" errors="0" timestamp="2024-02-15T18:35:18 IST">
  <testcase classname="api.test.UserTest2" name="createNewUser" time="3.725">
    <failure type="java.lang.NumberFormatException" message="For input string: &amp;quot;[null]&amp;quot;">
      <![CDATA[java.lang.NumberFormatException: For input string: "[null]"
at java.base/java.lang.NumberFormatException.forInputString(NumberFormatException.java:67)
at java.base/java.lang.Integer.parseInt(Integer.java:661)
at java.base/java.lang.Integer.parseInt(Integer.java:777)
at java_lang_Integer$parseInt.call(Unknown Source)
at org.codehaus.groovy.runtime.callsite.CallSiteArray.defaultCall(CallSiteArray.java:45)
at org.codehaus.groovy.runtime.callsite.AbstractCallSite.call(AbstractCallSite.java:125)
at org.codehaus.groovy.runtime.callsite.AbstractCallSite.call(AbstractCallSite.java:139)
at io.restassured.internal.common.path.ObjectConverter.convertObjectTo(ObjectConverter.groovy:29)
at io.restassured.path.json.JsonPath.getInt(JsonPath.java:245)
at api.test.UserTest2.createNewUser(UserTest2.java:34)
at java.base/java.util.ArrayList.forEach(ArrayList.java:1596)
... Removed 25 stack frames]]>
    </failure>
  </testcase> <!-- createNewUser -->
  <testcase classname="api.test.UserTest2" name="createNewUser" time="1.422">
    <failure type="java.lang.NumberFormatException" message="For input string: &amp;quot;[null]&amp;quot;">
      <![CDATA[java.lang.NumberFormatException: For input string: "[null]"
at java.base/java.lang.NumberFormatException.forInputString(NumberFormatException.java:67)
at java.base/java.lang.Integer.parseInt(Integer.java:661)
at java.base/java.lang.Integer.parseInt(Integer.java:777)
at java_lang_Integer$parseInt.call(Unknown Source)
at io.restassured.internal.common.path.ObjectConverter.convertObjectTo(ObjectConverter.groovy:29)
at io.restassured.path.json.JsonPath.getInt(JsonPath.java:245)
at api.test.UserTest2.createNewUser(UserTest2.java:34)
at java.base/java.util.ArrayList.forEach(ArrayList.java:1596)
... Removed 25 stack frames]]>
    </failure>
  </testcase> <!-- createNewUser -->
  <testcase classname="api.test.UserTest2" name="createNewUser" time="1.422"/>
  <testcase classname="api.test.UserTest2" name="getUser" time="0.0">
    <skipped/>
  </testcase> <!-- getUser -->
  <testcase classname="api.test.UserTest2" name="updateUser" time="1.239"/>
  <testcase classname="api.test.UserTest2" name="updateUser" time="1.309"/>
  <testcase classname="api.test.UserTest2" name="updateUser" time="1.137"/>
  <testcase classname="api.test.UserTest2" name="delUser" time="1.216">
    <failure type="java.lang.AssertionError" message="expected [200] but found [204]">
      <![CDATA[java.lang.AssertionError: expected [200] but found [204]
at api.test.UserTest2.delUser(UserTest2.java:64)
at java.base/java.util.ArrayList.forEach(ArrayList.java:1596)
... Removed 32 stack frames]]>
    </failure>
  </testcase> <!-- delUser -->
</testsuite> <!-- Test -->
