<?xml version="1.0" encoding="UTF-8"?>
<testng-results ignored="0" total="4" passed="4" failed="0" skipped="0">
  <reporter-output>
  </reporter-output>
  <suite started-at="2024-02-15T18:33:40 IST" name="Surefire suite" finished-at="2024-02-15T18:33:55 IST" duration-ms="14659">
    <groups>
    </groups>
    <test started-at="2024-02-15T18:33:40 IST" name="Surefire test" finished-at="2024-02-15T18:33:55 IST" duration-ms="14659">
      <class name="api.test.UserTest">
        <test-method is-config="true" signature="setData()[pri:0, instance:api.test.UserTest@794cb805]" started-at="2024-02-15T18:33:40 IST" name="setData" finished-at="2024-02-15T18:33:41 IST" duration-ms="802" status="PASS">
          <reporter-output>
          </reporter-output>
        </test-method> <!-- setData -->
        <test-method signature="testpostUser()[pri:1, instance:api.test.UserTest@794cb805]" started-at="2024-02-15T18:33:41 IST" name="testpostUser" finished-at="2024-02-15T18:33:45 IST" duration-ms="3879" status="PASS">
          <reporter-output>
          </reporter-output>
        </test-method> <!-- testpostUser -->
        <test-method signature="testgetUser()[pri:0, instance:api.test.UserTest@794cb805]" started-at="2024-02-15T18:33:45 IST" name="testgetUser" finished-at="2024-02-15T18:33:46 IST" depends-on-methods="api.test.UserTest.testpostUser" duration-ms="1341" status="PASS">
          <reporter-output>
          </reporter-output>
        </test-method> <!-- testgetUser -->
        <test-method signature="testupdateUser()[pri:2, instance:api.test.UserTest@794cb805]" started-at="2024-02-15T18:33:46 IST" name="testupdateUser" finished-at="2024-02-15T18:33:52 IST" depends-on-methods="api.test.UserTest.testpostUser" duration-ms="6404" status="PASS">
          <reporter-output>
          </reporter-output>
        </test-method> <!-- testupdateUser -->
        <test-method signature="testDelUser()[pri:3, instance:api.test.UserTest@794cb805]" started-at="2024-02-15T18:33:52 IST" name="testDelUser" finished-at="2024-02-15T18:33:55 IST" duration-ms="2189" status="PASS">
          <reporter-output>
          </reporter-output>
        </test-method> <!-- testDelUser -->
      </class> <!-- api.test.UserTest -->
    </test> <!-- Surefire test -->
  </suite> <!-- Surefire suite -->
</testng-results>
