<?xml version="1.0" encoding="UTF-8"?>
<testsuite xmlns:xsi="http://www.w3.org/2001/XMLSchema-instance" xsi:noNamespaceSchemaLocation="https://maven.apache.org/surefire/maven-surefire-plugin/xsd/surefire-test-report-3.0.xsd" version="3.0" name="api.test.UserTest" time="15.117" tests="4" errors="0" skipped="0" failures="0">
  <properties>
[...]
</properties>
  <testcase name="testpostUser" classname="api.test.UserTest" time="3.883">
    <system-out><![CDATA[18:33:45.075 [main] INFO  User - User is successfully posted
]]></system-out>
    <system-err><![CDATA[SLF4J: Failed to load class "org.slf4j.impl.StaticLoggerBinder".
SLF4J: Defaulting to no-operation (NOP) logger implementation
SLF4J: See http://www.slf4j.org/codes.html#StaticLoggerBinder for further details.
]]></system-err>
  </testcase>
  <testcase name="testgetUser" classname="api.test.UserTest" time="1.354">
    <system-out><![CDATA[{
    "id": 6397700,
    "name": "Christian Franecki",
    "email": "stephen.lueilwitz@hotmail.com",
    "gender": "male",
    "status": "active"
}
18:33:46.431 [main] INFO  User - User details succesfully displayed
]]></system-out>
  </testcase>
  <testcase name="testupdateUser" classname="api.test.UserTest" time="6.408">
    <system-out><![CDATA[{
    "id": 6397700,
    "name": "Pandora Flatley",
    "email": "edward.mills@gmail.com",
    "gender": "female",
    "status": "active"
}
18:33:52.837 [main] INFO  User - User details Updated
]]></system-out>
  </testcase>
  <testcase name="testDelUser" classname="api.test.UserTest" time="2.255">
    <system-out><![CDATA[18:33:55.030 [main] INFO  User - User deleted
]]></system-out>
  </testcase>
</testsuite>